{"C:\\Users\\FVMY\\Desktop\\Algo360FX\\server\\src\\services\\technicalAnalysis.ts": {"path":"C:\\Users\\FVMY\\Desktop\\Algo360FX\\server\\src\\services\\technicalAnalysis.ts","statementMap":{"0":{"start":{"line":1,"column":0},"end":{"line":1,"column":69}},"1":{"start":{"line":2,"column":0},"end":{"line":2,"column":104}},"2":{"start":{"line":4,"column":0},"end":{"line":4,"column":null}},"3":{"start":{"line":5,"column":2},"end":{"line":5,"column":null}},"4":{"start":{"line":6,"column":2},"end":{"line":6,"column":null}},"5":{"start":{"line":7,"column":2},"end":{"line":7,"column":null}},"6":{"start":{"line":8,"column":2},"end":{"line":8,"column":null}},"7":{"start":{"line":9,"column":2},"end":{"line":9,"column":null}},"8":{"start":{"line":22,"column":19},"end":{"line":22,"column":38}},"9":{"start":{"line":23,"column":19},"end":{"line":23,"column":43}},"10":{"start":{"line":24,"column":19},"end":{"line":24,"column":42}},"11":{"start":{"line":25,"column":19},"end":{"line":25,"column":43}},"12":{"start":{"line":26,"column":19},"end":{"line":26,"column":37}},"13":{"start":{"line":33,"column":4},"end":{"line":53,"column":5}},"14":{"start":{"line":34,"column":25},"end":{"line":34,"column":70}},"15":{"start":{"line":35,"column":6},"end":{"line":37,"column":7}},"16":{"start":{"line":36,"column":8},"end":{"line":36,"column":65}},"17":{"start":{"line":39,"column":20},"end":{"line":39,"column":49}},"18":{"start":{"line":40,"column":25},"end":{"line":43,"column":8}},"19":{"start":{"line":44,"column":23},"end":{"line":44,"column":57}},"20":{"start":{"line":46,"column":6},"end":{"line":50,"column":8}},"21":{"start":{"line":52,"column":6},"end":{"line":52,"column":18}},"22":{"start":{"line":59,"column":4},"end":{"line":59,"column":46}},"23":{"start":{"line":63,"column":4},"end":{"line":65,"column":5}},"24":{"start":{"line":64,"column":6},"end":{"line":64,"column":15}},"25":{"start":{"line":67,"column":20},"end":{"line":67,"column":54}},"26":{"start":{"line":67,"column":43},"end":{"line":67,"column":53}},"27":{"start":{"line":68,"column":17},"end":{"line":68,"column":76}},"28":{"start":{"line":68,"column":46},"end":{"line":68,"column":55}},"29":{"start":{"line":69,"column":25},"end":{"line":69,"column":68}},"30":{"start":{"line":69,"column":44},"end":{"line":69,"column":67}},"31":{"start":{"line":70,"column":4},"end":{"line":70,"column":93}},"32":{"start":{"line":70,"column":55},"end":{"line":70,"column":64}},"33":{"start":{"line":74,"column":4},"end":{"line":81,"column":5}},"34":{"start":{"line":75,"column":6},"end":{"line":80,"column":8}},"35":{"start":{"line":83,"column":19},"end":{"line":83,"column":53}},"36":{"start":{"line":83,"column":42},"end":{"line":83,"column":52}},"37":{"start":{"line":84,"column":23},"end":{"line":84,"column":32}},"38":{"start":{"line":85,"column":22},"end":{"line":85,"column":47}},"39":{"start":{"line":86,"column":24},"end":{"line":86,"column":46}},"40":{"start":{"line":89,"column":18},"end":{"line":89,"column":19}},"41":{"start":{"line":90,"column":20},"end":{"line":90,"column":21}},"42":{"start":{"line":91,"column":4},"end":{"line":95,"column":5}},"43":{"start":{"line":91,"column":17},"end":{"line":91,"column":18}},"44":{"start":{"line":92,"column":19},"end":{"line":92,"column":44}},"45":{"start":{"line":93,"column":6},"end":{"line":94,"column":37}},"46":{"start":{"line":93,"column":20},"end":{"line":93,"column":30}},"47":{"start":{"line":94,"column":11},"end":{"line":94,"column":37}},"48":{"start":{"line":94,"column":25},"end":{"line":94,"column":37}},"49":{"start":{"line":97,"column":24},"end":{"line":97,"column":74}},"50":{"start":{"line":100,"column":22},"end":{"line":100,"column":28}},"51":{"start":{"line":101,"column":22},"end":{"line":103,"column":65}},"52":{"start":{"line":106,"column":4},"end":{"line":115,"column":5}},"53":{"start":{"line":107,"column":6},"end":{"line":107,"column":40}},"54":{"start":{"line":110,"column":6},"end":{"line":114,"column":45}},"55":{"start":{"line":110,"column":29},"end":{"line":110,"column":65}},"56":{"start":{"line":111,"column":11},"end":{"line":114,"column":45}},"57":{"start":{"line":111,"column":34},"end":{"line":111,"column":66}},"58":{"start":{"line":112,"column":11},"end":{"line":114,"column":45}},"59":{"start":{"line":112,"column":34},"end":{"line":112,"column":68}},"60":{"start":{"line":113,"column":11},"end":{"line":114,"column":45}},"61":{"start":{"line":113,"column":34},"end":{"line":113,"column":64}},"62":{"start":{"line":114,"column":11},"end":{"line":114,"column":45}},"63":{"start":{"line":117,"column":4},"end":{"line":122,"column":6}},"64":{"start":{"line":126,"column":4},"end":{"line":131,"column":5}},"65":{"start":{"line":127,"column":6},"end":{"line":130,"column":8}},"66":{"start":{"line":133,"column":19},"end":{"line":133,"column":53}},"67":{"start":{"line":133,"column":42},"end":{"line":133,"column":52}},"68":{"start":{"line":134,"column":16},"end":{"line":134,"column":75}},"69":{"start":{"line":136,"column":4},"end":{"line":139,"column":6}},"70":{"start":{"line":143,"column":4},"end":{"line":143,"column":45}},"71":{"start":{"line":147,"column":4},"end":{"line":147,"column":65}},"72":{"start":{"line":151,"column":23},"end":{"line":158,"column":6}},"73":{"start":{"line":160,"column":4},"end":{"line":160,"column":39}},"74":{"start":{"line":160,"column":31},"end":{"line":160,"column":37}},"75":{"start":{"line":168,"column":15},"end":{"line":172,"column":6}},"76":{"start":{"line":174,"column":4},"end":{"line":178,"column":6}},"77":{"start":{"line":175,"column":25},"end":{"line":175,"column":32}},"78":{"start":{"line":176,"column":26},"end":{"line":176,"column":34}},"79":{"start":{"line":177,"column":25},"end":{"line":177,"column":32}},"80":{"start":{"line":182,"column":24},"end":{"line":182,"column":25}},"81":{"start":{"line":183,"column":27},"end":{"line":183,"column":28}},"82":{"start":{"line":185,"column":4},"end":{"line":191,"column":5}},"83":{"start":{"line":186,"column":27},"end":{"line":186,"column":72}},"84":{"start":{"line":187,"column":21},"end":{"line":187,"column":34}},"85":{"start":{"line":189,"column":6},"end":{"line":189,"column":45}},"86":{"start":{"line":190,"column":6},"end":{"line":190,"column":33}},"87":{"start":{"line":193,"column":4},"end":{"line":193,"column":44}},"88":{"start":{"line":21,"column":0},"end":{"line":21,"column":13}}},"fnMap":{"0":{"name":"(anonymous_0)","decl":{"start":{"line":4,"column":0},"end":{"line":4,"column":12}},"loc":{"start":{"line":4,"column":25},"end":{"line":10,"column":1}}},"1":{"name":"(anonymous_1)","decl":{"start":{"line":21,"column":0},"end":{"line":21,"column":13}},"loc":{"start":{"line":21,"column":0},"end":{"line":195,"column":1}}},"2":{"name":"(anonymous_2)","decl":{"start":{"line":28,"column":9},"end":{"line":28,"column":14}},"loc":{"start":{"line":31,"column":51},"end":{"line":54,"column":3}}},"3":{"name":"(anonymous_3)","decl":{"start":{"line":56,"column":10},"end":{"line":56,"column":15}},"loc":{"start":{"line":56,"column":68},"end":{"line":60,"column":3}}},"4":{"name":"(anonymous_4)","decl":{"start":{"line":62,"column":10},"end":{"line":62,"column":29}},"loc":{"start":{"line":62,"column":54},"end":{"line":71,"column":3}}},"5":{"name":"(anonymous_5)","decl":{"start":{"line":67,"column":35},"end":{"line":67,"column":39}},"loc":{"start":{"line":67,"column":43},"end":{"line":67,"column":53}}},"6":{"name":"(anonymous_6)","decl":{"start":{"line":68,"column":32},"end":{"line":68,"column":33}},"loc":{"start":{"line":68,"column":46},"end":{"line":68,"column":55}}},"7":{"name":"(anonymous_7)","decl":{"start":{"line":69,"column":37},"end":{"line":69,"column":40}},"loc":{"start":{"line":69,"column":44},"end":{"line":69,"column":67}}},"8":{"name":"(anonymous_8)","decl":{"start":{"line":70,"column":41},"end":{"line":70,"column":42}},"loc":{"start":{"line":70,"column":55},"end":{"line":70,"column":64}}},"9":{"name":"(anonymous_9)","decl":{"start":{"line":73,"column":10},"end":{"line":73,"column":22}},"loc":{"start":{"line":73,"column":47},"end":{"line":123,"column":3}}},"10":{"name":"(anonymous_10)","decl":{"start":{"line":83,"column":34},"end":{"line":83,"column":38}},"loc":{"start":{"line":83,"column":42},"end":{"line":83,"column":52}}},"11":{"name":"(anonymous_11)","decl":{"start":{"line":125,"column":10},"end":{"line":125,"column":27}},"loc":{"start":{"line":125,"column":52},"end":{"line":140,"column":3}}},"12":{"name":"(anonymous_12)","decl":{"start":{"line":133,"column":34},"end":{"line":133,"column":38}},"loc":{"start":{"line":133,"column":42},"end":{"line":133,"column":52}}},"13":{"name":"(anonymous_13)","decl":{"start":{"line":142,"column":10},"end":{"line":142,"column":22}},"loc":{"start":{"line":142,"column":55},"end":{"line":144,"column":3}}},"14":{"name":"(anonymous_14)","decl":{"start":{"line":146,"column":10},"end":{"line":146,"column":22}},"loc":{"start":{"line":146,"column":39},"end":{"line":148,"column":3}}},"15":{"name":"(anonymous_15)","decl":{"start":{"line":150,"column":10},"end":{"line":150,"column":23}},"loc":{"start":{"line":150,"column":40},"end":{"line":161,"column":3}}},"16":{"name":"(anonymous_16)","decl":{"start":{"line":160,"column":26},"end":{"line":160,"column":27}},"loc":{"start":{"line":160,"column":31},"end":{"line":160,"column":37}}},"17":{"name":"(anonymous_17)","decl":{"start":{"line":163,"column":10},"end":{"line":163,"column":33}},"loc":{"start":{"line":163,"column":50},"end":{"line":179,"column":3}}},"18":{"name":"(anonymous_18)","decl":{"start":{"line":175,"column":20},"end":{"line":175,"column":21}},"loc":{"start":{"line":175,"column":25},"end":{"line":175,"column":32}}},"19":{"name":"(anonymous_19)","decl":{"start":{"line":176,"column":21},"end":{"line":176,"column":22}},"loc":{"start":{"line":176,"column":26},"end":{"line":176,"column":34}}},"20":{"name":"(anonymous_20)","decl":{"start":{"line":177,"column":20},"end":{"line":177,"column":21}},"loc":{"start":{"line":177,"column":25},"end":{"line":177,"column":32}}},"21":{"name":"(anonymous_21)","decl":{"start":{"line":181,"column":9},"end":{"line":181,"column":22}},"loc":{"start":{"line":181,"column":41},"end":{"line":194,"column":3}}}},"branchMap":{"0":{"loc":{"start":{"line":4,"column":12},"end":{"line":4,"column":null}},"type":"binary-expr","locations":[{"start":{"line":4,"column":12},"end":{"line":4,"column":25}},{"start":{"line":4,"column":25},"end":{"line":4,"column":null}}]},"1":{"loc":{"start":{"line":31,"column":4},"end":{"line":31,"column":51}},"type":"default-arg","locations":[{"start":{"line":31,"column":49},"end":{"line":31,"column":51}}]},"2":{"loc":{"start":{"line":35,"column":6},"end":{"line":37,"column":7}},"type":"if","locations":[{"start":{"line":35,"column":6},"end":{"line":37,"column":7}}]},"3":{"loc":{"start":{"line":35,"column":10},"end":{"line":35,"column":48}},"type":"binary-expr","locations":[{"start":{"line":35,"column":10},"end":{"line":35,"column":21}},{"start":{"line":35,"column":25},"end":{"line":35,"column":48}}]},"4":{"loc":{"start":{"line":63,"column":4},"end":{"line":65,"column":5}},"type":"if","locations":[{"start":{"line":63,"column":4},"end":{"line":65,"column":5}}]},"5":{"loc":{"start":{"line":74,"column":4},"end":{"line":81,"column":5}},"type":"if","locations":[{"start":{"line":74,"column":4},"end":{"line":81,"column":5}}]},"6":{"loc":{"start":{"line":93,"column":6},"end":{"line":94,"column":37}},"type":"if","locations":[{"start":{"line":93,"column":6},"end":{"line":94,"column":37}},{"start":{"line":94,"column":11},"end":{"line":94,"column":37}}]},"7":{"loc":{"start":{"line":94,"column":11},"end":{"line":94,"column":37}},"type":"if","locations":[{"start":{"line":94,"column":11},"end":{"line":94,"column":37}}]},"8":{"loc":{"start":{"line":101,"column":22},"end":{"line":103,"column":65}},"type":"cond-expr","locations":[{"start":{"line":102,"column":6},"end":{"line":102,"column":29}},{"start":{"line":103,"column":7},"end":{"line":103,"column":64}}]},"9":{"loc":{"start":{"line":103,"column":7},"end":{"line":103,"column":64}},"type":"cond-expr","locations":[{"start":{"line":103,"column":25},"end":{"line":103,"column":42}},{"start":{"line":103,"column":45},"end":{"line":103,"column":64}}]},"10":{"loc":{"start":{"line":106,"column":4},"end":{"line":115,"column":5}},"type":"if","locations":[{"start":{"line":106,"column":4},"end":{"line":115,"column":5}},{"start":{"line":108,"column":11},"end":{"line":115,"column":5}}]},"11":{"loc":{"start":{"line":110,"column":6},"end":{"line":114,"column":45}},"type":"if","locations":[{"start":{"line":110,"column":6},"end":{"line":114,"column":45}},{"start":{"line":111,"column":11},"end":{"line":114,"column":45}}]},"12":{"loc":{"start":{"line":111,"column":11},"end":{"line":114,"column":45}},"type":"if","locations":[{"start":{"line":111,"column":11},"end":{"line":114,"column":45}},{"start":{"line":112,"column":11},"end":{"line":114,"column":45}}]},"13":{"loc":{"start":{"line":112,"column":11},"end":{"line":114,"column":45}},"type":"if","locations":[{"start":{"line":112,"column":11},"end":{"line":114,"column":45}},{"start":{"line":113,"column":11},"end":{"line":114,"column":45}}]},"14":{"loc":{"start":{"line":113,"column":11},"end":{"line":114,"column":45}},"type":"if","locations":[{"start":{"line":113,"column":11},"end":{"line":114,"column":45}},{"start":{"line":114,"column":11},"end":{"line":114,"column":45}}]},"15":{"loc":{"start":{"line":126,"column":4},"end":{"line":131,"column":5}},"type":"if","locations":[{"start":{"line":126,"column":4},"end":{"line":131,"column":5}}]}},"s":{"0":2,"1":2,"2":2,"3":2,"4":2,"5":2,"6":2,"7":2,"8":13,"9":13,"10":13,"11":13,"12":13,"13":5,"14":5,"15":4,"16":2,"17":2,"18":2,"19":2,"20":2,"21":3,"22":0,"23":4,"24":1,"25":3,"26":9,"27":3,"28":9,"29":3,"30":9,"31":3,"32":9,"33":5,"34":0,"35":5,"36":15,"37":5,"38":5,"39":5,"40":5,"41":5,"42":5,"43":5,"44":10,"45":10,"46":6,"47":4,"48":2,"49":5,"50":5,"51":5,"52":5,"53":1,"54":4,"55":4,"56":0,"57":0,"58":0,"59":0,"60":0,"61":0,"62":0,"63":5,"64":4,"65":1,"66":3,"67":9,"68":3,"69":3,"70":0,"71":0,"72":0,"73":0,"74":0,"75":0,"76":0,"77":0,"78":0,"79":0,"80":1,"81":1,"82":1,"83":3,"84":3,"85":3,"86":3,"87":1,"88":2},"f":{"0":2,"1":13,"2":5,"3":0,"4":4,"5":9,"6":9,"7":9,"8":9,"9":5,"10":15,"11":4,"12":9,"13":0,"14":0,"15":0,"16":0,"17":0,"18":0,"19":0,"20":0,"21":1},"b":{"0":[2,2],"1":[4],"2":[2],"3":[4,4],"4":[1],"5":[0],"6":[6,4],"7":[2],"8":[1,4],"9":[3,1],"10":[1,4],"11":[4,0],"12":[0,0],"13":[0,0],"14":[0,0],"15":[1]}}
,"C:\\Users\\FVMY\\Desktop\\Algo360FX\\server\\src\\types\\market.ts": {"path":"C:\\Users\\FVMY\\Desktop\\Algo360FX\\server\\src\\types\\market.ts","statementMap":{"0":{"start":{"line":1,"column":0},"end":{"line":1,"column":null}},"1":{"start":{"line":2,"column":2},"end":{"line":2,"column":null}},"2":{"start":{"line":3,"column":2},"end":{"line":3,"column":null}},"3":{"start":{"line":4,"column":2},"end":{"line":4,"column":null}},"4":{"start":{"line":5,"column":2},"end":{"line":5,"column":null}},"5":{"start":{"line":6,"column":2},"end":{"line":6,"column":null}},"6":{"start":{"line":7,"column":2},"end":{"line":7,"column":null}},"7":{"start":{"line":8,"column":2},"end":{"line":8,"column":null}},"8":{"start":{"line":9,"column":2},"end":{"line":9,"column":null}},"9":{"start":{"line":10,"column":2},"end":{"line":10,"column":null}},"10":{"start":{"line":13,"column":0},"end":{"line":13,"column":null}},"11":{"start":{"line":14,"column":2},"end":{"line":14,"column":null}},"12":{"start":{"line":15,"column":2},"end":{"line":15,"column":null}},"13":{"start":{"line":18,"column":0},"end":{"line":18,"column":null}},"14":{"start":{"line":19,"column":2},"end":{"line":19,"column":null}},"15":{"start":{"line":20,"column":2},"end":{"line":20,"column":null}},"16":{"start":{"line":21,"column":2},"end":{"line":21,"column":null}},"17":{"start":{"line":24,"column":0},"end":{"line":24,"column":null}},"18":{"start":{"line":25,"column":2},"end":{"line":25,"column":null}},"19":{"start":{"line":26,"column":2},"end":{"line":26,"column":null}},"20":{"start":{"line":27,"column":2},"end":{"line":27,"column":null}},"21":{"start":{"line":28,"column":2},"end":{"line":28,"column":null}},"22":{"start":{"line":31,"column":0},"end":{"line":31,"column":null}},"23":{"start":{"line":32,"column":2},"end":{"line":32,"column":null}},"24":{"start":{"line":33,"column":2},"end":{"line":33,"column":null}},"25":{"start":{"line":34,"column":2},"end":{"line":34,"column":null}},"26":{"start":{"line":37,"column":0},"end":{"line":37,"column":null}},"27":{"start":{"line":38,"column":2},"end":{"line":38,"column":null}},"28":{"start":{"line":39,"column":2},"end":{"line":39,"column":null}},"29":{"start":{"line":40,"column":2},"end":{"line":40,"column":null}},"30":{"start":{"line":41,"column":2},"end":{"line":41,"column":null}},"31":{"start":{"line":42,"column":2},"end":{"line":42,"column":null}}},"fnMap":{"0":{"name":"(anonymous_0)","decl":{"start":{"line":1,"column":0},"end":{"line":1,"column":12}},"loc":{"start":{"line":1,"column":21},"end":{"line":11,"column":1}}},"1":{"name":"(anonymous_1)","decl":{"start":{"line":13,"column":0},"end":{"line":13,"column":12}},"loc":{"start":{"line":13,"column":21},"end":{"line":16,"column":1}}},"2":{"name":"(anonymous_2)","decl":{"start":{"line":18,"column":0},"end":{"line":18,"column":12}},"loc":{"start":{"line":18,"column":28},"end":{"line":22,"column":1}}},"3":{"name":"(anonymous_3)","decl":{"start":{"line":24,"column":0},"end":{"line":24,"column":12}},"loc":{"start":{"line":24,"column":23},"end":{"line":29,"column":1}}},"4":{"name":"(anonymous_4)","decl":{"start":{"line":31,"column":0},"end":{"line":31,"column":12}},"loc":{"start":{"line":31,"column":26},"end":{"line":35,"column":1}}},"5":{"name":"(anonymous_5)","decl":{"start":{"line":37,"column":0},"end":{"line":37,"column":12}},"loc":{"start":{"line":37,"column":25},"end":{"line":43,"column":1}}}},"branchMap":{"0":{"loc":{"start":{"line":1,"column":12},"end":{"line":1,"column":null}},"type":"binary-expr","locations":[{"start":{"line":1,"column":12},"end":{"line":1,"column":21}},{"start":{"line":1,"column":21},"end":{"line":1,"column":null}}]},"1":{"loc":{"start":{"line":13,"column":12},"end":{"line":13,"column":null}},"type":"binary-expr","locations":[{"start":{"line":13,"column":12},"end":{"line":13,"column":21}},{"start":{"line":13,"column":21},"end":{"line":13,"column":null}}]},"2":{"loc":{"start":{"line":18,"column":12},"end":{"line":18,"column":null}},"type":"binary-expr","locations":[{"start":{"line":18,"column":12},"end":{"line":18,"column":28}},{"start":{"line":18,"column":28},"end":{"line":18,"column":null}}]},"3":{"loc":{"start":{"line":24,"column":12},"end":{"line":24,"column":null}},"type":"binary-expr","locations":[{"start":{"line":24,"column":12},"end":{"line":24,"column":23}},{"start":{"line":24,"column":23},"end":{"line":24,"column":null}}]},"4":{"loc":{"start":{"line":31,"column":12},"end":{"line":31,"column":null}},"type":"binary-expr","locations":[{"start":{"line":31,"column":12},"end":{"line":31,"column":26}},{"start":{"line":31,"column":26},"end":{"line":31,"column":null}}]},"5":{"loc":{"start":{"line":37,"column":12},"end":{"line":37,"column":null}},"type":"binary-expr","locations":[{"start":{"line":37,"column":12},"end":{"line":37,"column":25}},{"start":{"line":37,"column":25},"end":{"line":37,"column":null}}]}},"s":{"0":2,"1":2,"2":2,"3":2,"4":2,"5":2,"6":2,"7":2,"8":2,"9":2,"10":2,"11":2,"12":2,"13":2,"14":2,"15":2,"16":2,"17":2,"18":2,"19":2,"20":2,"21":2,"22":2,"23":2,"24":2,"25":2,"26":2,"27":2,"28":2,"29":2,"30":2,"31":2},"f":{"0":2,"1":2,"2":2,"3":2,"4":2,"5":2},"b":{"0":[2,2],"1":[2,2],"2":[2,2],"3":[2,2],"4":[2,2],"5":[2,2]}}
,"C:\\Users\\FVMY\\Desktop\\Algo360FX\\server\\src\\websocket\\optimization.ts": {"path":"C:\\Users\\FVMY\\Desktop\\Algo360FX\\server\\src\\websocket\\optimization.ts","statementMap":{"0":{"start":{"line":3,"column":0},"end":{"line":3,"column":40}},"1":{"start":{"line":9,"column":4},"end":{"line":9,"column":18}},"2":{"start":{"line":10,"column":4},"end":{"line":10,"column":35}},"3":{"start":{"line":14,"column":4},"end":{"line":42,"column":5}},"4":{"start":{"line":15,"column":6},"end":{"line":39,"column":7}},"5":{"start":{"line":17,"column":10},"end":{"line":21,"column":11}},"6":{"start":{"line":18,"column":12},"end":{"line":18,"column":68}},"7":{"start":{"line":20,"column":12},"end":{"line":20,"column":89}},"8":{"start":{"line":22,"column":10},"end":{"line":22,"column":16}},"9":{"start":{"line":24,"column":10},"end":{"line":28,"column":11}},"10":{"start":{"line":25,"column":12},"end":{"line":25,"column":75}},"11":{"start":{"line":27,"column":12},"end":{"line":27,"column":96}},"12":{"start":{"line":29,"column":10},"end":{"line":29,"column":16}},"13":{"start":{"line":31,"column":10},"end":{"line":35,"column":11}},"14":{"start":{"line":32,"column":12},"end":{"line":32,"column":80}},"15":{"start":{"line":34,"column":12},"end":{"line":34,"column":102}},"16":{"start":{"line":36,"column":10},"end":{"line":36,"column":16}},"17":{"start":{"line":38,"column":10},"end":{"line":38,"column":71}},"18":{"start":{"line":41,"column":6},"end":{"line":41,"column":44}},"19":{"start":{"line":46,"column":4},"end":{"line":57,"column":5}},"20":{"start":{"line":48,"column":29},"end":{"line":48,"column":68}},"21":{"start":{"line":50,"column":6},"end":{"line":54,"column":10}},"22":{"start":{"line":56,"column":6},"end":{"line":56,"column":61}},"23":{"start":{"line":61,"column":4},"end":{"line":69,"column":5}},"24":{"start":{"line":63,"column":6},"end":{"line":66,"column":10}},"25":{"start":{"line":68,"column":6},"end":{"line":68,"column":60}},"26":{"start":{"line":73,"column":4},"end":{"line":82,"column":5}},"27":{"start":{"line":75,"column":6},"end":{"line":79,"column":10}},"28":{"start":{"line":81,"column":6},"end":{"line":81,"column":66}},"29":{"start":{"line":86,"column":4},"end":{"line":86,"column":35}},"30":{"start":{"line":87,"column":4},"end":{"line":87,"column":35}},"31":{"start":{"line":91,"column":4},"end":{"line":91,"column":37}},"32":{"start":{"line":95,"column":0},"end":{"line":95,"column":37}}},"fnMap":{"0":{"name":"(anonymous_1)","decl":{"start":{"line":8,"column":2},"end":{"line":8,"column":14}},"loc":{"start":{"line":8,"column":28},"end":{"line":11,"column":3}}},"1":{"name":"(anonymous_2)","decl":{"start":{"line":13,"column":12},"end":{"line":13,"column":17}},"loc":{"start":{"line":13,"column":82},"end":{"line":43,"column":3}}},"2":{"name":"(anonymous_3)","decl":{"start":{"line":45,"column":12},"end":{"line":45,"column":17}},"loc":{"start":{"line":45,"column":78},"end":{"line":58,"column":3}}},"3":{"name":"(anonymous_4)","decl":{"start":{"line":60,"column":12},"end":{"line":60,"column":17}},"loc":{"start":{"line":60,"column":88},"end":{"line":70,"column":3}}},"4":{"name":"(anonymous_5)","decl":{"start":{"line":72,"column":12},"end":{"line":72,"column":17}},"loc":{"start":{"line":72,"column":93},"end":{"line":83,"column":3}}},"5":{"name":"(anonymous_6)","decl":{"start":{"line":85,"column":12},"end":{"line":85,"column":28}},"loc":{"start":{"line":85,"column":52},"end":{"line":88,"column":3}}},"6":{"name":"(anonymous_7)","decl":{"start":{"line":90,"column":12},"end":{"line":90,"column":21}},"loc":{"start":{"line":90,"column":62},"end":{"line":92,"column":3}}}},"branchMap":{"0":{"loc":{"start":{"line":15,"column":6},"end":{"line":39,"column":7}},"type":"switch","locations":[{"start":{"line":16,"column":8},"end":{"line":22,"column":16}},{"start":{"line":23,"column":8},"end":{"line":29,"column":16}},{"start":{"line":30,"column":8},"end":{"line":36,"column":16}},{"start":{"line":37,"column":8},"end":{"line":38,"column":71}}]},"1":{"loc":{"start":{"line":17,"column":10},"end":{"line":21,"column":11}},"type":"if","locations":[{"start":{"line":17,"column":10},"end":{"line":21,"column":11}},{"start":{"line":19,"column":17},"end":{"line":21,"column":11}}]},"2":{"loc":{"start":{"line":24,"column":10},"end":{"line":28,"column":11}},"type":"if","locations":[{"start":{"line":24,"column":10},"end":{"line":28,"column":11}},{"start":{"line":26,"column":17},"end":{"line":28,"column":11}}]},"3":{"loc":{"start":{"line":31,"column":10},"end":{"line":35,"column":11}},"type":"if","locations":[{"start":{"line":31,"column":10},"end":{"line":35,"column":11}},{"start":{"line":33,"column":17},"end":{"line":35,"column":11}}]}},"s":{"0":1,"1":5,"2":5,"3":4,"4":4,"5":2,"6":1,"7":1,"8":2,"9":1,"10":1,"11":0,"12":1,"13":1,"14":1,"15":0,"16":1,"17":0,"18":0,"19":1,"20":1,"21":1,"22":0,"23":1,"24":1,"25":0,"26":1,"27":1,"28":0,"29":1,"30":1,"31":1,"32":1},"f":{"0":5,"1":4,"2":1,"3":1,"4":1,"5":1,"6":1},"b":{"0":[2,1,1,0],"1":[1,1],"2":[1,0],"3":[1,0]}}
,"C:\\Users\\FVMY\\Desktop\\Algo360FX\\server\\src\\websocket\\trading.ts": {"path":"C:\\Users\\FVMY\\Desktop\\Algo360FX\\server\\src\\websocket\\trading.ts","statementMap":{"0":{"start":{"line":3,"column":0},"end":{"line":3,"column":40}},"1":{"start":{"line":9,"column":4},"end":{"line":9,"column":18}},"2":{"start":{"line":10,"column":4},"end":{"line":10,"column":28}},"3":{"start":{"line":14,"column":4},"end":{"line":42,"column":5}},"4":{"start":{"line":15,"column":6},"end":{"line":39,"column":7}},"5":{"start":{"line":17,"column":10},"end":{"line":21,"column":11}},"6":{"start":{"line":18,"column":12},"end":{"line":18,"column":54}},"7":{"start":{"line":20,"column":12},"end":{"line":20,"column":91}},"8":{"start":{"line":22,"column":10},"end":{"line":22,"column":16}},"9":{"start":{"line":24,"column":10},"end":{"line":28,"column":11}},"10":{"start":{"line":25,"column":12},"end":{"line":25,"column":63}},"11":{"start":{"line":27,"column":12},"end":{"line":27,"column":84}},"12":{"start":{"line":29,"column":10},"end":{"line":29,"column":16}},"13":{"start":{"line":31,"column":10},"end":{"line":35,"column":11}},"14":{"start":{"line":32,"column":12},"end":{"line":32,"column":55}},"15":{"start":{"line":34,"column":12},"end":{"line":34,"column":84}},"16":{"start":{"line":36,"column":10},"end":{"line":36,"column":16}},"17":{"start":{"line":38,"column":10},"end":{"line":38,"column":71}},"18":{"start":{"line":41,"column":6},"end":{"line":41,"column":44}},"19":{"start":{"line":46,"column":4},"end":{"line":57,"column":5}},"20":{"start":{"line":48,"column":22},"end":{"line":48,"column":61}},"21":{"start":{"line":50,"column":6},"end":{"line":54,"column":10}},"22":{"start":{"line":56,"column":6},"end":{"line":56,"column":54}},"23":{"start":{"line":61,"column":4},"end":{"line":69,"column":5}},"24":{"start":{"line":63,"column":6},"end":{"line":66,"column":10}},"25":{"start":{"line":68,"column":6},"end":{"line":68,"column":55}},"26":{"start":{"line":73,"column":4},"end":{"line":82,"column":5}},"27":{"start":{"line":75,"column":6},"end":{"line":79,"column":10}},"28":{"start":{"line":81,"column":6},"end":{"line":81,"column":55}},"29":{"start":{"line":86,"column":4},"end":{"line":86,"column":35}},"30":{"start":{"line":87,"column":4},"end":{"line":87,"column":35}},"31":{"start":{"line":91,"column":4},"end":{"line":91,"column":37}},"32":{"start":{"line":95,"column":0},"end":{"line":95,"column":32}}},"fnMap":{"0":{"name":"(anonymous_1)","decl":{"start":{"line":8,"column":2},"end":{"line":8,"column":14}},"loc":{"start":{"line":8,"column":28},"end":{"line":11,"column":3}}},"1":{"name":"(anonymous_2)","decl":{"start":{"line":13,"column":12},"end":{"line":13,"column":17}},"loc":{"start":{"line":13,"column":75},"end":{"line":43,"column":3}}},"2":{"name":"(anonymous_3)","decl":{"start":{"line":45,"column":12},"end":{"line":45,"column":17}},"loc":{"start":{"line":45,"column":79},"end":{"line":58,"column":3}}},"3":{"name":"(anonymous_4)","decl":{"start":{"line":60,"column":12},"end":{"line":60,"column":17}},"loc":{"start":{"line":60,"column":76},"end":{"line":70,"column":3}}},"4":{"name":"(anonymous_5)","decl":{"start":{"line":72,"column":12},"end":{"line":72,"column":17}},"loc":{"start":{"line":72,"column":80},"end":{"line":83,"column":3}}},"5":{"name":"(anonymous_6)","decl":{"start":{"line":85,"column":12},"end":{"line":85,"column":28}},"loc":{"start":{"line":85,"column":52},"end":{"line":88,"column":3}}},"6":{"name":"(anonymous_7)","decl":{"start":{"line":90,"column":12},"end":{"line":90,"column":21}},"loc":{"start":{"line":90,"column":62},"end":{"line":92,"column":3}}}},"branchMap":{"0":{"loc":{"start":{"line":15,"column":6},"end":{"line":39,"column":7}},"type":"switch","locations":[{"start":{"line":16,"column":8},"end":{"line":22,"column":16}},{"start":{"line":23,"column":8},"end":{"line":29,"column":16}},{"start":{"line":30,"column":8},"end":{"line":36,"column":16}},{"start":{"line":37,"column":8},"end":{"line":38,"column":71}}]},"1":{"loc":{"start":{"line":17,"column":10},"end":{"line":21,"column":11}},"type":"if","locations":[{"start":{"line":17,"column":10},"end":{"line":21,"column":11}},{"start":{"line":19,"column":17},"end":{"line":21,"column":11}}]},"2":{"loc":{"start":{"line":17,"column":14},"end":{"line":17,"column":73}},"type":"binary-expr","locations":[{"start":{"line":17,"column":14},"end":{"line":17,"column":25}},{"start":{"line":17,"column":29},"end":{"line":17,"column":43}},{"start":{"line":17,"column":47},"end":{"line":17,"column":56}},{"start":{"line":17,"column":60},"end":{"line":17,"column":73}}]},"3":{"loc":{"start":{"line":24,"column":10},"end":{"line":28,"column":11}},"type":"if","locations":[{"start":{"line":24,"column":10},"end":{"line":28,"column":11}},{"start":{"line":26,"column":17},"end":{"line":28,"column":11}}]},"4":{"loc":{"start":{"line":31,"column":10},"end":{"line":35,"column":11}},"type":"if","locations":[{"start":{"line":31,"column":10},"end":{"line":35,"column":11}},{"start":{"line":33,"column":17},"end":{"line":35,"column":11}}]}},"s":{"0":1,"1":5,"2":5,"3":4,"4":4,"5":2,"6":1,"7":1,"8":2,"9":1,"10":1,"11":0,"12":1,"13":1,"14":1,"15":0,"16":1,"17":0,"18":0,"19":1,"20":1,"21":1,"22":0,"23":1,"24":1,"25":0,"26":1,"27":1,"28":0,"29":1,"30":1,"31":1,"32":1},"f":{"0":5,"1":4,"2":1,"3":1,"4":1,"5":1,"6":1},"b":{"0":[2,1,1,0],"1":[1,1],"2":[2,1,1,1],"3":[1,0],"4":[1,0]}}
,"C:\\Users\\FVMY\\Desktop\\Algo360FX\\server\\src\\websocket\\websocket.ts": {"path":"C:\\Users\\FVMY\\Desktop\\Algo360FX\\server\\src\\websocket\\websocket.ts","statementMap":{"0":{"start":{"line":9,"column":4},"end":{"line":9,"column":29}},"1":{"start":{"line":10,"column":4},"end":{"line":10,"column":25}},"2":{"start":{"line":11,"column":4},"end":{"line":11,"column":26}},"3":{"start":{"line":15,"column":4},"end":{"line":25,"column":7}},"4":{"start":{"line":16,"column":38},"end":{"line":21,"column":8}},"5":{"start":{"line":23,"column":6},"end":{"line":23,"column":42}},"6":{"start":{"line":24,"column":6},"end":{"line":24,"column":39}},"7":{"start":{"line":27,"column":4},"end":{"line":29,"column":14}},"8":{"start":{"line":28,"column":6},"end":{"line":28,"column":29}},"9":{"start":{"line":33,"column":4},"end":{"line":40,"column":7}},"10":{"start":{"line":34,"column":6},"end":{"line":39,"column":7}},"11":{"start":{"line":35,"column":24},"end":{"line":35,"column":66}},"12":{"start":{"line":36,"column":8},"end":{"line":36,"column":50}},"13":{"start":{"line":38,"column":8},"end":{"line":38,"column":46}},"14":{"start":{"line":42,"column":4},"end":{"line":44,"column":7}},"15":{"start":{"line":43,"column":6},"end":{"line":43,"column":36}},"16":{"start":{"line":46,"column":4},"end":{"line":50,"column":7}},"17":{"start":{"line":47,"column":6},"end":{"line":49,"column":7}},"18":{"start":{"line":48,"column":8},"end":{"line":48,"column":60}},"19":{"start":{"line":54,"column":4},"end":{"line":54,"column":55}},"20":{"start":{"line":58,"column":4},"end":{"line":58,"column":35}},"21":{"start":{"line":62,"column":4},"end":{"line":62,"column":63}},"22":{"start":{"line":66,"column":4},"end":{"line":66,"column":46}},"23":{"start":{"line":70,"column":16},"end":{"line":70,"column":26}},"24":{"start":{"line":71,"column":4},"end":{"line":76,"column":5}},"25":{"start":{"line":72,"column":6},"end":{"line":75,"column":7}},"26":{"start":{"line":73,"column":8},"end":{"line":73,"column":30}},"27":{"start":{"line":74,"column":8},"end":{"line":74,"column":38}},"28":{"start":{"line":80,"column":0},"end":{"line":80,"column":29}}},"fnMap":{"0":{"name":"(anonymous_0)","decl":{"start":{"line":8,"column":2},"end":{"line":8,"column":14}},"loc":{"start":{"line":8,"column":28},"end":{"line":12,"column":3}}},"1":{"name":"(anonymous_1)","decl":{"start":{"line":14,"column":12},"end":{"line":14,"column":26}},"loc":{"start":{"line":14,"column":26},"end":{"line":30,"column":3}}},"2":{"name":"(anonymous_2)","decl":{"start":{"line":15,"column":33},"end":{"line":15,"column":34}},"loc":{"start":{"line":15,"column":51},"end":{"line":25,"column":5}}},"3":{"name":"(anonymous_3)","decl":{"start":{"line":27,"column":16},"end":{"line":27,"column":19}},"loc":{"start":{"line":27,"column":21},"end":{"line":29,"column":5}}},"4":{"name":"(anonymous_4)","decl":{"start":{"line":32,"column":12},"end":{"line":32,"column":31}},"loc":{"start":{"line":32,"column":55},"end":{"line":51,"column":3}}},"5":{"name":"(anonymous_5)","decl":{"start":{"line":33,"column":28},"end":{"line":33,"column":33}},"loc":{"start":{"line":33,"column":59},"end":{"line":40,"column":5}}},"6":{"name":"(anonymous_6)","decl":{"start":{"line":42,"column":26},"end":{"line":42,"column":29}},"loc":{"start":{"line":42,"column":31},"end":{"line":44,"column":5}}},"7":{"name":"(anonymous_7)","decl":{"start":{"line":46,"column":25},"end":{"line":46,"column":28}},"loc":{"start":{"line":46,"column":30},"end":{"line":50,"column":5}}},"8":{"name":"(anonymous_8)","decl":{"start":{"line":53,"column":12},"end":{"line":53,"column":28}},"loc":{"start":{"line":53,"column":28},"end":{"line":55,"column":3}}},"9":{"name":"(anonymous_9)","decl":{"start":{"line":57,"column":12},"end":{"line":57,"column":28}},"loc":{"start":{"line":57,"column":52},"end":{"line":59,"column":3}}},"10":{"name":"(anonymous_10)","decl":{"start":{"line":61,"column":12},"end":{"line":61,"column":21}},"loc":{"start":{"line":61,"column":62},"end":{"line":63,"column":3}}},"11":{"name":"(anonymous_11)","decl":{"start":{"line":65,"column":12},"end":{"line":65,"column":17}},"loc":{"start":{"line":65,"column":74},"end":{"line":67,"column":3}}},"12":{"name":"(anonymous_12)","decl":{"start":{"line":69,"column":12},"end":{"line":69,"column":27}},"loc":{"start":{"line":69,"column":27},"end":{"line":77,"column":3}}}},"branchMap":{"0":{"loc":{"start":{"line":47,"column":6},"end":{"line":49,"column":7}},"type":"if","locations":[{"start":{"line":47,"column":6},"end":{"line":49,"column":7}}]},"1":{"loc":{"start":{"line":72,"column":6},"end":{"line":75,"column":7}},"type":"if","locations":[{"start":{"line":72,"column":6},"end":{"line":75,"column":7}}]}},"s":{"0":20,"1":20,"2":20,"3":20,"4":0,"5":0,"6":0,"7":20,"8":0,"9":3,"10":1,"11":1,"12":1,"13":1,"14":3,"15":1,"16":3,"17":1,"18":1,"19":0,"20":4,"21":4,"22":2,"23":2,"24":2,"25":2,"26":1,"27":1,"28":3},"f":{"0":20,"1":20,"2":0,"3":0,"4":3,"5":1,"6":1,"7":1,"8":0,"9":4,"10":4,"11":2,"12":2},"b":{"0":[1],"1":[1]}}
}
