TN:
SF:src\config\config.ts
FNF:0
FNH:0
DA:1,1
DA:2,1
DA:36,1
LF:3
LH:3
BRDA:37,0,0,1
BRDA:37,0,1,0
BRDA:38,1,0,1
BRDA:38,1,1,0
BRDA:39,2,0,1
BRDA:39,2,1,0
BRDA:41,3,0,1
BRDA:41,3,1,0
BRDA:42,4,0,1
BRDA:42,4,1,1
BRDA:43,5,0,1
BRDA:43,5,1,0
BRDA:44,6,0,1
BRDA:44,6,1,1
BRDA:47,7,0,1
BRDA:47,7,1,0
BRDA:50,8,0,1
BRDA:50,8,1,1
BRDA:51,9,0,1
BRDA:51,9,1,1
BRDA:54,10,0,1
BRDA:54,10,1,0
BRDA:57,11,0,1
BRDA:57,11,1,1
BRDA:62,12,0,1
BRDA:62,12,1,1
BRDA:63,13,0,1
BRDA:63,13,1,0
BRDA:64,14,0,1
BRDA:64,14,1,0
BRDA:65,15,0,1
BRDA:65,15,1,0
BRF:32
BRH:22
end_of_record
TN:
SF:src\models\User.ts
FN:89,(anonymous_1)
FNF:1
FNH:0
FNDA:0,(anonymous_1)
DA:1,1
DA:4,1
DA:90,0
DA:91,0
DA:92,0
DA:93,0
DA:94,0
DA:100,1
DA:102,1
LF:9
LH:4
BRF:0
BRH:0
end_of_record
TN:
SF:src\services\Auth.ts
FN:10,(anonymous_8)
FN:14,(anonymous_10)
FN:18,(anonymous_12)
FN:34,(anonymous_13)
FN:51,(anonymous_15)
FN:66,(anonymous_17)
FN:82,(anonymous_19)
FNF:7
FNH:5
FNDA:4,(anonymous_8)
FNDA:2,(anonymous_10)
FNDA:5,(anonymous_12)
FNDA:5,(anonymous_13)
FNDA:2,(anonymous_15)
FNDA:0,(anonymous_17)
FNDA:0,(anonymous_19)
DA:1,1
DA:2,1
DA:3,1
DA:5,1
DA:7,1
DA:8,1
DA:11,4
DA:15,2
DA:19,5
DA:25,5
DA:31,5
DA:35,5
DA:36,5
DA:37,1
DA:40,4
DA:41,4
DA:47,4
DA:48,4
DA:52,2
DA:53,2
DA:54,0
DA:57,2
DA:58,2
DA:59,1
DA:62,1
DA:63,1
DA:67,0
DA:68,0
DA:69,0
DA:71,0
DA:72,0
DA:75,0
DA:76,0
DA:78,0
DA:83,0
DA:84,0
DA:85,0
DA:88,0
DA:89,0
DA:90,0
LF:40
LH:25
BRDA:36,0,0,1
BRDA:53,1,0,0
BRDA:58,2,0,1
BRDA:71,3,0,0
BRDA:71,4,0,0
BRDA:71,4,1,0
BRDA:84,5,0,0
BRF:7
BRH:2
end_of_record
