TN:
SF:src\services\technicalAnalysis.ts
FN:4,(anonymous_0)
FN:21,(anonymous_1)
FN:28,(anonymous_2)
FN:56,(anonymous_3)
FN:62,(anonymous_4)
FN:67,(anonymous_5)
FN:68,(anonymous_6)
FN:69,(anonymous_7)
FN:70,(anonymous_8)
FN:73,(anonymous_9)
FN:83,(anonymous_10)
FN:125,(anonymous_11)
FN:133,(anonymous_12)
FN:142,(anonymous_13)
FN:146,(anonymous_14)
FN:150,(anonymous_15)
FN:160,(anonymous_16)
FN:163,(anonymous_17)
FN:175,(anonymous_18)
FN:176,(anonymous_19)
FN:177,(anonymous_20)
FN:181,(anonymous_21)
FNF:22
FNH:13
FNDA:2,(anonymous_0)
FNDA:13,(anonymous_1)
FNDA:5,(anonymous_2)
FNDA:0,(anonymous_3)
FNDA:4,(anonymous_4)
FNDA:9,(anonymous_5)
FNDA:9,(anonymous_6)
FNDA:9,(anonymous_7)
FNDA:9,(anonymous_8)
FNDA:5,(anonymous_9)
FNDA:15,(anonymous_10)
FNDA:4,(anonymous_11)
FNDA:9,(anonymous_12)
FNDA:0,(anonymous_13)
FNDA:0,(anonymous_14)
FNDA:0,(anonymous_15)
FNDA:0,(anonymous_16)
FNDA:0,(anonymous_17)
FNDA:0,(anonymous_18)
FNDA:0,(anonymous_19)
FNDA:0,(anonymous_20)
FNDA:1,(anonymous_21)
DA:1,2
DA:2,2
DA:4,2
DA:5,2
DA:6,2
DA:7,2
DA:8,2
DA:9,2
DA:21,2
DA:22,13
DA:23,13
DA:24,13
DA:25,13
DA:26,13
DA:33,5
DA:34,5
DA:35,4
DA:36,2
DA:39,2
DA:40,2
DA:44,2
DA:46,2
DA:52,3
DA:59,0
DA:63,4
DA:64,1
DA:67,9
DA:68,9
DA:69,9
DA:70,9
DA:74,5
DA:75,0
DA:83,15
DA:84,5
DA:85,5
DA:86,5
DA:89,5
DA:90,5
DA:91,5
DA:92,10
DA:93,10
DA:94,4
DA:97,5
DA:100,5
DA:101,5
DA:106,5
DA:107,1
DA:110,4
DA:111,0
DA:112,0
DA:113,0
DA:114,0
DA:117,5
DA:126,4
DA:127,1
DA:133,9
DA:134,3
DA:136,3
DA:143,0
DA:147,0
DA:151,0
DA:160,0
DA:168,0
DA:174,0
DA:175,0
DA:176,0
DA:177,0
DA:182,1
DA:183,1
DA:185,1
DA:186,3
DA:187,3
DA:189,3
DA:190,3
DA:193,1
LF:75
LH:60
BRDA:4,0,0,2
BRDA:4,0,1,2
BRDA:31,1,0,4
BRDA:35,2,0,2
BRDA:35,3,0,4
BRDA:35,3,1,4
BRDA:63,4,0,1
BRDA:74,5,0,0
BRDA:93,6,0,6
BRDA:93,6,1,4
BRDA:94,7,0,2
BRDA:101,8,0,1
BRDA:101,8,1,4
BRDA:103,9,0,3
BRDA:103,9,1,1
BRDA:106,10,0,1
BRDA:106,10,1,4
BRDA:110,11,0,4
BRDA:110,11,1,0
BRDA:111,12,0,0
BRDA:111,12,1,0
BRDA:112,13,0,0
BRDA:112,13,1,0
BRDA:113,14,0,0
BRDA:113,14,1,0
BRDA:126,15,0,1
BRF:26
BRH:18
end_of_record
TN:
SF:src\types\market.ts
FN:1,(anonymous_0)
FN:13,(anonymous_1)
FN:18,(anonymous_2)
FN:24,(anonymous_3)
FN:31,(anonymous_4)
FN:37,(anonymous_5)
FNF:6
FNH:6
FNDA:2,(anonymous_0)
FNDA:2,(anonymous_1)
FNDA:2,(anonymous_2)
FNDA:2,(anonymous_3)
FNDA:2,(anonymous_4)
FNDA:2,(anonymous_5)
DA:1,2
DA:2,2
DA:3,2
DA:4,2
DA:5,2
DA:6,2
DA:7,2
DA:8,2
DA:9,2
DA:10,2
DA:13,2
DA:14,2
DA:15,2
DA:18,2
DA:19,2
DA:20,2
DA:21,2
DA:24,2
DA:25,2
DA:26,2
DA:27,2
DA:28,2
DA:31,2
DA:32,2
DA:33,2
DA:34,2
DA:37,2
DA:38,2
DA:39,2
DA:40,2
DA:41,2
DA:42,2
LF:32
LH:32
BRDA:1,0,0,2
BRDA:1,0,1,2
BRDA:13,1,0,2
BRDA:13,1,1,2
BRDA:18,2,0,2
BRDA:18,2,1,2
BRDA:24,3,0,2
BRDA:24,3,1,2
BRDA:31,4,0,2
BRDA:31,4,1,2
BRDA:37,5,0,2
BRDA:37,5,1,2
BRF:12
BRH:12
end_of_record
TN:
SF:src\websocket\optimization.ts
FN:8,(anonymous_1)
FN:13,(anonymous_2)
FN:45,(anonymous_3)
FN:60,(anonymous_4)
FN:72,(anonymous_5)
FN:85,(anonymous_6)
FN:90,(anonymous_7)
FNF:7
FNH:7
FNDA:5,(anonymous_1)
FNDA:4,(anonymous_2)
FNDA:1,(anonymous_3)
FNDA:1,(anonymous_4)
FNDA:1,(anonymous_5)
FNDA:1,(anonymous_6)
FNDA:1,(anonymous_7)
DA:3,1
DA:9,5
DA:10,5
DA:14,4
DA:15,4
DA:17,2
DA:18,1
DA:20,1
DA:22,2
DA:24,1
DA:25,1
DA:27,0
DA:29,1
DA:31,1
DA:32,1
DA:34,0
DA:36,1
DA:38,0
DA:41,0
DA:46,1
DA:48,1
DA:50,1
DA:56,0
DA:61,1
DA:63,1
DA:68,0
DA:73,1
DA:75,1
DA:81,0
DA:86,1
DA:87,1
DA:91,1
DA:95,1
LF:33
LH:26
BRDA:15,0,0,2
BRDA:15,0,1,1
BRDA:15,0,2,1
BRDA:15,0,3,0
BRDA:17,1,0,1
BRDA:17,1,1,1
BRDA:24,2,0,1
BRDA:24,2,1,0
BRDA:31,3,0,1
BRDA:31,3,1,0
BRF:10
BRH:7
end_of_record
TN:
SF:src\websocket\trading.ts
FN:8,(anonymous_1)
FN:13,(anonymous_2)
FN:45,(anonymous_3)
FN:60,(anonymous_4)
FN:72,(anonymous_5)
FN:85,(anonymous_6)
FN:90,(anonymous_7)
FNF:7
FNH:7
FNDA:5,(anonymous_1)
FNDA:4,(anonymous_2)
FNDA:1,(anonymous_3)
FNDA:1,(anonymous_4)
FNDA:1,(anonymous_5)
FNDA:1,(anonymous_6)
FNDA:1,(anonymous_7)
DA:3,1
DA:9,5
DA:10,5
DA:14,4
DA:15,4
DA:17,2
DA:18,1
DA:20,1
DA:22,2
DA:24,1
DA:25,1
DA:27,0
DA:29,1
DA:31,1
DA:32,1
DA:34,0
DA:36,1
DA:38,0
DA:41,0
DA:46,1
DA:48,1
DA:50,1
DA:56,0
DA:61,1
DA:63,1
DA:68,0
DA:73,1
DA:75,1
DA:81,0
DA:86,1
DA:87,1
DA:91,1
DA:95,1
LF:33
LH:26
BRDA:15,0,0,2
BRDA:15,0,1,1
BRDA:15,0,2,1
BRDA:15,0,3,0
BRDA:17,1,0,1
BRDA:17,1,1,1
BRDA:17,2,0,2
BRDA:17,2,1,1
BRDA:17,2,2,1
BRDA:17,2,3,1
BRDA:24,3,0,1
BRDA:24,3,1,0
BRDA:31,4,0,1
BRDA:31,4,1,0
BRF:14
BRH:11
end_of_record
TN:
SF:src\websocket\websocket.ts
FN:8,(anonymous_0)
FN:14,(anonymous_1)
FN:15,(anonymous_2)
FN:27,(anonymous_3)
FN:32,(anonymous_4)
FN:33,(anonymous_5)
FN:42,(anonymous_6)
FN:46,(anonymous_7)
FN:53,(anonymous_8)
FN:57,(anonymous_9)
FN:61,(anonymous_10)
FN:65,(anonymous_11)
FN:69,(anonymous_12)
FNF:13
FNH:10
FNDA:20,(anonymous_0)
FNDA:20,(anonymous_1)
FNDA:0,(anonymous_2)
FNDA:0,(anonymous_3)
FNDA:3,(anonymous_4)
FNDA:1,(anonymous_5)
FNDA:1,(anonymous_6)
FNDA:1,(anonymous_7)
FNDA:0,(anonymous_8)
FNDA:4,(anonymous_9)
FNDA:4,(anonymous_10)
FNDA:2,(anonymous_11)
FNDA:2,(anonymous_12)
DA:9,20
DA:10,20
DA:11,20
DA:15,20
DA:16,0
DA:23,0
DA:24,0
DA:27,20
DA:28,0
DA:33,3
DA:34,1
DA:35,1
DA:36,1
DA:38,1
DA:42,3
DA:43,1
DA:46,3
DA:47,1
DA:48,1
DA:54,0
DA:58,4
DA:62,4
DA:66,2
DA:70,2
DA:71,2
DA:72,2
DA:73,1
DA:74,1
DA:80,3
LF:29
LH:24
BRDA:47,0,0,1
BRDA:72,1,0,1
BRF:2
BRH:2
end_of_record
